0 info it worked if it ends with ok
1 verbose cli [ 'f:\\work-software\\node.js\\node.exe',
1 verbose cli   'f:\\work-software\\node.js\\node_modules\\npm\\bin\\npm-cli.js',
1 verbose cli   'install',
1 verbose cli   '-g',
1 verbose cli   'n' ]
2 info using npm@2.11.3
3 info using node@v0.12.7
4 verbose install initial load of C:\Users\Administrator\AppData\Roaming\npm\package.json
5 verbose readDependencies loading dependencies from C:\Users\Administrator\AppData\Roaming\npm\package.json
6 silly cache add args [ 'n', null ]
7 verbose cache add spec n
8 silly cache add parsed spec { raw: 'n',
8 silly cache add   scope: null,
8 silly cache add   name: 'n',
8 silly cache add   rawSpec: '',
8 silly cache add   spec: '*',
8 silly cache add   type: 'range' }
9 silly addNamed n@*
10 verbose addNamed "*" is a valid semver range for n
11 silly addNameRange { name: 'n', range: '*', hasData: false }
12 silly mapToRegistry name n
13 silly mapToRegistry using default registry
14 silly mapToRegistry registry https://registry.npmjs.org/
15 silly mapToRegistry uri https://registry.npmjs.org/n
16 verbose addNameRange registry:https://registry.npmjs.org/n not in flight; fetching
17 verbose request uri https://registry.npmjs.org/n
18 verbose request no auth needed
19 info attempt registry request try #1 at 12:56:41
20 verbose request id e17bffa8bbd20df3
21 verbose etag "4UXMOHG7OKVCEX8VXJSBAIN9K"
22 http request GET https://registry.npmjs.org/n
23 http 304 https://registry.npmjs.org/n
24 silly get cb [ 304,
24 silly get   { date: 'Sun, 06 Sep 2015 04:56:48 GMT',
24 silly get     via: '1.1 varnish',
24 silly get     'cache-control': 'max-age=60',
24 silly get     etag: '"4UXMOHG7OKVCEX8VXJSBAIN9K"',
24 silly get     age: '0',
24 silly get     connection: 'keep-alive',
24 silly get     'x-served-by': 'cache-itm7426-ITM',
24 silly get     'x-cache': 'MISS',
24 silly get     'x-cache-hits': '0',
24 silly get     'x-timer': 'S1441515408.662206,VS0,VE631',
24 silly get     vary: 'Accept' } ]
25 verbose etag https://registry.npmjs.org/n from cache
26 verbose get saving n to C:\Users\Administrator\AppData\Roaming\npm-cache\registry.npmjs.org\n\.cache.json
27 silly addNameRange number 2 { name: 'n', range: '*', hasData: true }
28 silly addNameRange versions [ 'n',
28 silly addNameRange   [ '0.0.1',
28 silly addNameRange     '0.0.2',
28 silly addNameRange     '0.0.3',
28 silly addNameRange     '0.0.4',
28 silly addNameRange     '0.1.0',
28 silly addNameRange     '0.1.1',
28 silly addNameRange     '0.1.2',
28 silly addNameRange     '0.2.0',
28 silly addNameRange     '0.2.1',
28 silly addNameRange     '0.2.2',
28 silly addNameRange     '0.3.0',
28 silly addNameRange     '0.4.0',
28 silly addNameRange     '0.4.1',
28 silly addNameRange     '0.4.2',
28 silly addNameRange     '0.5.0',
28 silly addNameRange     '0.5.1',
28 silly addNameRange     '0.5.2',
28 silly addNameRange     '0.5.3',
28 silly addNameRange     '0.5.4',
28 silly addNameRange     '0.6.0',
28 silly addNameRange     '0.6.1',
28 silly addNameRange     '0.7.0',
28 silly addNameRange     '0.7.1',
28 silly addNameRange     '0.7.2',
28 silly addNameRange     '0.7.3',
28 silly addNameRange     '0.8.0',
28 silly addNameRange     '0.8.1',
28 silly addNameRange     '0.8.2',
28 silly addNameRange     '0.9.0',
28 silly addNameRange     '0.9.1',
28 silly addNameRange     '0.9.2',
28 silly addNameRange     '0.9.3',
28 silly addNameRange     '1.0.0',
28 silly addNameRange     '1.1.0',
28 silly addNameRange     '1.2.1',
28 silly addNameRange     '1.2.2',
28 silly addNameRange     '1.2.3',
28 silly addNameRange     '1.2.4',
28 silly addNameRange     '1.2.5',
28 silly addNameRange     '1.2.6',
28 silly addNameRange     '1.2.7',
28 silly addNameRange     '1.2.8',
28 silly addNameRange     '1.2.9',
28 silly addNameRange     '1.2.11',
28 silly addNameRange     '1.2.13',
28 silly addNameRange     '1.2.14',
28 silly addNameRange     '1.3.0',
28 silly addNameRange     '1.4.0',
28 silly addNameRange     '2.0.0',
28 silly addNameRange     '1.4.1',
28 silly addNameRange     '2.0.1',
28 silly addNameRange     '1.4.2',
28 silly addNameRange     '2.0.2' ] ]
29 silly addNamed n@2.0.2
30 verbose addNamed "2.0.2" is a plain semver version for n
31 silly cache afterAdd n@2.0.2
32 verbose afterAdd C:\Users\Administrator\AppData\Roaming\npm-cache\n\2.0.2\package\package.json not in flight; writing
33 verbose afterAdd C:\Users\Administrator\AppData\Roaming\npm-cache\n\2.0.2\package\package.json written
34 silly install resolved [ { name: 'n',
34 silly install resolved     description: 'node version manager',
34 silly install resolved     version: '2.0.2',
34 silly install resolved     author: { name: 'TJ Holowaychuk', email: 'tj@vision-media.ca' },
34 silly install resolved     homepage: 'https://github.com/tj/n',
34 silly install resolved     bugs: { url: 'https://github.com/tj/n/issues' },
34 silly install resolved     contributors: [ [Object] ],
34 silly install resolved     keywords:
34 silly install resolved      [ 'nvm',
34 silly install resolved        'node',
34 silly install resolved        'version',
34 silly install resolved        'manager',
34 silly install resolved        'switcher',
34 silly install resolved        'node',
34 silly install resolved        'binary',
34 silly install resolved        'env' ],
34 silly install resolved     bin: { n: './bin/n' },
34 silly install resolved     repository: { type: 'git', url: 'git://github.com/tj/n.git' },
34 silly install resolved     preferGlobal: true,
34 silly install resolved     os: [ '!win32' ],
34 silly install resolved     engines: { node: '*' },
34 silly install resolved     license: 'MIT',
34 silly install resolved     gitHead: '7831e76a57429afc6341a583febb99469db4d1dc',
34 silly install resolved     _id: 'n@2.0.2',
34 silly install resolved     scripts: {},
34 silly install resolved     _shasum: '1d132d1e33c8687bae54313792626e7878bd5f57',
34 silly install resolved     _from: 'n@*',
34 silly install resolved     _npmVersion: '2.13.4',
34 silly install resolved     _nodeVersion: '0.12.7',
34 silly install resolved     _npmUser: { name: 'maxrimue', email: 'max.rittmueller@gmail.com' },
34 silly install resolved     dist:
34 silly install resolved      { shasum: '1d132d1e33c8687bae54313792626e7878bd5f57',
34 silly install resolved        tarball: 'http://registry.npmjs.org/n/-/n-2.0.2.tgz' },
34 silly install resolved     maintainers:
34 silly install resolved      [ [Object],
34 silly install resolved        [Object],
34 silly install resolved        [Object],
34 silly install resolved        [Object],
34 silly install resolved        [Object],
34 silly install resolved        [Object],
34 silly install resolved        [Object] ],
34 silly install resolved     directories: {},
34 silly install resolved     _resolved: 'https://registry.npmjs.org/n/-/n-2.0.2.tgz',
34 silly install resolved     readme: 'ERROR: No README data found!' } ]
35 info install n@2.0.2 into C:\Users\Administrator\AppData\Roaming\npm
36 info installOne n@2.0.2
37 verbose installOne of n to C:\Users\Administrator\AppData\Roaming\npm not in flight; installing
38 verbose lock using C:\Users\Administrator\AppData\Roaming\npm-cache\_locks\n-8c2d2dc114ffac86.lock for C:\Users\Administrator\AppData\Roaming\npm\node_modules\n
39 verbose unlock done using C:\Users\Administrator\AppData\Roaming\npm-cache\_locks\n-8c2d2dc114ffac86.lock for C:\Users\Administrator\AppData\Roaming\npm\node_modules\n
40 verbose stack Error: Unsupported
40 verbose stack     at checkPlatform (f:\work-software\node.js\node_modules\npm\node_modules\npm-install-checks\index.js:47:14)
40 verbose stack     at Array.<anonymous> (f:\work-software\node.js\node_modules\npm\node_modules\slide\lib\bind-actor.js:15:8)
40 verbose stack     at LOOP (f:\work-software\node.js\node_modules\npm\node_modules\slide\lib\chain.js:15:14)
40 verbose stack     at f:\work-software\node.js\node_modules\npm\node_modules\slide\lib\chain.js:18:7
40 verbose stack     at checkEngine (f:\work-software\node.js\node_modules\npm\node_modules\npm-install-checks\index.js:26:10)
40 verbose stack     at Array.<anonymous> (f:\work-software\node.js\node_modules\npm\node_modules\slide\lib\bind-actor.js:15:8)
40 verbose stack     at LOOP (f:\work-software\node.js\node_modules\npm\node_modules\slide\lib\chain.js:15:14)
40 verbose stack     at chain (f:\work-software\node.js\node_modules\npm\node_modules\slide\lib\chain.js:20:5)
40 verbose stack     at f:\work-software\node.js\node_modules\npm\lib\install.js:1037:5
40 verbose stack     at f:\work-software\node.js\node_modules\npm\lib\utils\locker.js:40:9
41 verbose pkgid n@2.0.2
42 verbose cwd e:\miaozhirui\linux-local-test\js\ionic
43 error Windows_NT 6.3.9600
44 error argv "f:\\work-software\\node.js\\node.exe" "f:\\work-software\\node.js\\node_modules\\npm\\bin\\npm-cli.js" "install" "-g" "n"
45 error node v0.12.7
46 error npm  v2.11.3
47 error code EBADPLATFORM
48 error notsup Unsupported
48 error notsup Not compatible with your operating system or architecture: n@2.0.2
48 error notsup Valid OS:    !win32
48 error notsup Valid Arch:  any
48 error notsup Actual OS:   win32
48 error notsup Actual Arch: ia32
49 verbose exit [ 1, true ]
