0 info it worked if it ends with ok
1 verbose cli [ '/usr/bin/node',
1 verbose cli   '/usr/bin/npm',
1 verbose cli   'install',
1 verbose cli   'jade',
1 verbose cli   'moment',
1 verbose cli   'mongoose' ]
2 info using npm@1.4.28
3 info using node@v0.10.25
4 verbose node symlink /usr/bin/node
5 verbose cache add [ 'jade', null ]
6 verbose cache add name=undefined spec="jade" args=["jade",null]
7 verbose parsed url { protocol: null,
7 verbose parsed url   slashes: null,
7 verbose parsed url   auth: null,
7 verbose parsed url   host: null,
7 verbose parsed url   port: null,
7 verbose parsed url   hostname: null,
7 verbose parsed url   hash: null,
7 verbose parsed url   search: null,
7 verbose parsed url   query: null,
7 verbose parsed url   pathname: 'jade',
7 verbose parsed url   path: 'jade',
7 verbose parsed url   href: 'jade' }
8 verbose cache add [ 'moment', null ]
9 verbose cache add name=undefined spec="moment" args=["moment",null]
10 verbose parsed url { protocol: null,
10 verbose parsed url   slashes: null,
10 verbose parsed url   auth: null,
10 verbose parsed url   host: null,
10 verbose parsed url   port: null,
10 verbose parsed url   hostname: null,
10 verbose parsed url   hash: null,
10 verbose parsed url   search: null,
10 verbose parsed url   query: null,
10 verbose parsed url   pathname: 'moment',
10 verbose parsed url   path: 'moment',
10 verbose parsed url   href: 'moment' }
11 verbose cache add [ 'mongoose', null ]
12 verbose cache add name=undefined spec="mongoose" args=["mongoose",null]
13 verbose parsed url { protocol: null,
13 verbose parsed url   slashes: null,
13 verbose parsed url   auth: null,
13 verbose parsed url   host: null,
13 verbose parsed url   port: null,
13 verbose parsed url   hostname: null,
13 verbose parsed url   hash: null,
13 verbose parsed url   search: null,
13 verbose parsed url   query: null,
13 verbose parsed url   pathname: 'mongoose',
13 verbose parsed url   path: 'mongoose',
13 verbose parsed url   href: 'mongoose' }
14 silly lockFile 5bd60fae-jade jade
15 verbose lock jade /home/mzr/.npm/5bd60fae-jade.lock
16 silly lockFile b56def36-moment moment
17 verbose lock moment /home/mzr/.npm/b56def36-moment.lock
18 silly lockFile f25dbdd3-mongoose mongoose
19 verbose lock mongoose /home/mzr/.npm/f25dbdd3-mongoose.lock
20 silly lockFile 5bd60fae-jade jade
21 silly lockFile 5bd60fae-jade jade
22 verbose addNamed [ 'jade', '' ]
23 verbose addNamed [ null, '*' ]
24 silly lockFile 51d481b2-jade jade@
25 verbose lock jade@ /home/mzr/.npm/51d481b2-jade.lock
26 silly lockFile b56def36-moment moment
27 silly lockFile b56def36-moment moment
28 silly lockFile f25dbdd3-mongoose mongoose
29 silly lockFile f25dbdd3-mongoose mongoose
30 verbose addNamed [ 'moment', '' ]
31 verbose addNamed [ null, '*' ]
32 silly lockFile 42aa250a-moment moment@
33 verbose lock moment@ /home/mzr/.npm/42aa250a-moment.lock
34 verbose addNamed [ 'mongoose', '' ]
35 verbose addNamed [ null, '*' ]
36 silly lockFile 3bb0fc31-mongoose mongoose@
37 verbose lock mongoose@ /home/mzr/.npm/3bb0fc31-mongoose.lock
38 silly addNameRange { name: 'jade', range: '*', hasData: false }
39 silly addNameRange { name: 'mongoose', range: '*', hasData: false }
40 silly addNameRange { name: 'moment', range: '*', hasData: false }
41 verbose request where is /mongoose
42 verbose request registry https://registry.npmjs.org/
43 verbose request id e8b410960cbad40d
44 verbose url raw /mongoose
45 verbose url resolving [ 'https://registry.npmjs.org/', './mongoose' ]
46 verbose url resolved https://registry.npmjs.org/mongoose
47 verbose request where is https://registry.npmjs.org/mongoose
48 info trying registry request attempt 1 at 20:40:13
49 http GET https://registry.npmjs.org/mongoose
50 verbose request where is /moment
51 verbose request registry https://registry.npmjs.org/
52 verbose url raw /moment
53 verbose url resolving [ 'https://registry.npmjs.org/', './moment' ]
54 verbose url resolved https://registry.npmjs.org/moment
55 verbose request where is https://registry.npmjs.org/moment
56 info trying registry request attempt 1 at 20:40:13
57 http GET https://registry.npmjs.org/moment
58 verbose request where is /jade
59 verbose request registry https://registry.npmjs.org/
60 verbose url raw /jade
61 verbose url resolving [ 'https://registry.npmjs.org/', './jade' ]
62 verbose url resolved https://registry.npmjs.org/jade
63 verbose request where is https://registry.npmjs.org/jade
64 info trying registry request attempt 1 at 20:40:13
65 verbose etag "2VLZBIKIE0ZCDWFLD2S2DKHO6"
66 http GET https://registry.npmjs.org/jade
67 http 200 https://registry.npmjs.org/moment
68 silly registry.get cb [ 200,
68 silly registry.get   { date: 'Thu, 19 Mar 2015 12:37:33 GMT',
68 silly registry.get     server: 'CouchDB/1.5.0 (Erlang OTP/R16B03)',
68 silly registry.get     etag: '"E6C1RBXQJQ23OZ9VTES2D06XJ"',
68 silly registry.get     'content-type': 'application/json',
68 silly registry.get     'cache-control': 'max-age=60',
68 silly registry.get     'content-length': '53076',
68 silly registry.get     'accept-ranges': 'bytes',
68 silly registry.get     via: '1.1 varnish',
68 silly registry.get     age: '0',
68 silly registry.get     'x-served-by': 'cache-hkg6821-HKG',
68 silly registry.get     'x-cache': 'HIT',
68 silly registry.get     'x-cache-hits': '1',
68 silly registry.get     'x-timer': 'S1426768653.354699,VS0,VE633',
68 silly registry.get     vary: 'Accept',
68 silly registry.get     'keep-alive': 'timeout=10, max=50',
68 silly registry.get     connection: 'Keep-Alive' } ]
69 silly addNameRange number 2 { name: 'moment', range: '*', hasData: true }
70 silly addNameRange versions [ 'moment',
70 silly addNameRange   [ '1.0.0',
70 silly addNameRange     '1.0.1',
70 silly addNameRange     '1.1.0',
70 silly addNameRange     '1.1.1',
70 silly addNameRange     '1.2.0',
70 silly addNameRange     '1.3.0',
70 silly addNameRange     '1.4.0',
70 silly addNameRange     '1.5.0',
70 silly addNameRange     '1.5.1',
70 silly addNameRange     '1.6.0',
70 silly addNameRange     '1.6.1',
70 silly addNameRange     '1.6.2',
70 silly addNameRange     '1.7.0',
70 silly addNameRange     '1.7.1',
70 silly addNameRange     '1.7.2',
70 silly addNameRange     '2.0.0',
70 silly addNameRange     '2.1.0',
70 silly addNameRange     '2.2.1',
70 silly addNameRange     '2.3.0',
70 silly addNameRange     '2.3.1',
70 silly addNameRange     '2.4.0',
70 silly addNameRange     '2.5.0',
70 silly addNameRange     '2.5.1',
70 silly addNameRange     '2.6.0',
70 silly addNameRange     '2.7.0',
70 silly addNameRange     '2.8.1',
70 silly addNameRange     '2.8.2',
70 silly addNameRange     '2.8.3',
70 silly addNameRange     '2.8.4',
70 silly addNameRange     '2.9.0' ] ]
71 verbose addNamed [ 'moment', '2.9.0' ]
72 verbose addNamed [ '2.9.0', '2.9.0' ]
73 silly lockFile f9216bc0-moment-2-9-0 moment@2.9.0
74 verbose lock moment@2.9.0 /home/mzr/.npm/f9216bc0-moment-2-9-0.lock
75 silly lockFile f4199ccc-pmjs-org-moment-moment-2-9-0-tgz https://registry.npmjs.org/moment/-/moment-2.9.0.tgz
76 verbose lock https://registry.npmjs.org/moment/-/moment-2.9.0.tgz /home/mzr/.npm/f4199ccc-pmjs-org-moment-moment-2-9-0-tgz.lock
77 verbose addRemoteTarball [ 'https://registry.npmjs.org/moment/-/moment-2.9.0.tgz',
77 verbose addRemoteTarball   '77ec1175fa294f42627f10c8e6de6302c036f6d5' ]
78 info retry fetch attempt 1 at 20:40:16
79 verbose fetch to= /tmp/npm-2804-YYRCzgHM/registry.npmjs.org/moment/-/moment-2.9.0.tgz
80 http GET https://registry.npmjs.org/moment/-/moment-2.9.0.tgz
81 http 200 https://registry.npmjs.org/moment/-/moment-2.9.0.tgz
82 http 200 https://registry.npmjs.org/jade
83 silly registry.get cb [ 200,
83 silly registry.get   { date: 'Thu, 19 Mar 2015 12:37:38 GMT',
83 silly registry.get     server: 'CouchDB/1.5.0 (Erlang OTP/R16B03)',
83 silly registry.get     etag: '"934GXHA48X73XBSJQO0T4MBSL"',
83 silly registry.get     'content-type': 'application/json',
83 silly registry.get     'cache-control': 'max-age=60',
83 silly registry.get     'content-length': '141351',
83 silly registry.get     'accept-ranges': 'bytes',
83 silly registry.get     via: '1.1 varnish',
83 silly registry.get     age: '43',
83 silly registry.get     'x-served-by': 'cache-hkg6826-HKG',
83 silly registry.get     'x-cache': 'HIT',
83 silly registry.get     'x-cache-hits': '1',
83 silly registry.get     'x-timer': 'S1426768658.500155,VS0,VE0',
83 silly registry.get     vary: 'Accept',
83 silly registry.get     'keep-alive': 'timeout=10, max=50',
83 silly registry.get     connection: 'Keep-Alive' } ]
84 silly addNameRange number 2 { name: 'jade', range: '*', hasData: true }
85 silly addNameRange versions [ 'jade',
85 silly addNameRange   [ '0.0.1',
85 silly addNameRange     '0.0.2',
85 silly addNameRange     '0.1.0',
85 silly addNameRange     '0.2.0',
85 silly addNameRange     '0.2.1',
85 silly addNameRange     '0.2.2',
85 silly addNameRange     '0.2.3',
85 silly addNameRange     '0.2.4',
85 silly addNameRange     '0.3.0',
85 silly addNameRange     '0.4.0',
85 silly addNameRange     '0.4.1',
85 silly addNameRange     '0.5.0',
85 silly addNameRange     '0.5.1',
85 silly addNameRange     '0.5.2',
85 silly addNameRange     '0.5.3',
85 silly addNameRange     '0.5.4',
85 silly addNameRange     '0.5.5',
85 silly addNameRange     '0.5.6',
85 silly addNameRange     '0.5.7',
85 silly addNameRange     '0.6.0',
85 silly addNameRange     '0.6.1',
85 silly addNameRange     '0.6.3',
85 silly addNameRange     '0.7.0',
85 silly addNameRange     '0.7.1',
85 silly addNameRange     '0.8.0',
85 silly addNameRange     '0.8.1',
85 silly addNameRange     '0.8.2',
85 silly addNameRange     '0.8.3',
85 silly addNameRange     '0.8.4',
85 silly addNameRange     '0.8.5',
85 silly addNameRange     '0.8.6',
85 silly addNameRange     '0.8.7',
85 silly addNameRange     '0.8.8',
85 silly addNameRange     '0.8.9',
85 silly addNameRange     '0.9.0',
85 silly addNameRange     '0.9.1',
85 silly addNameRange     '0.9.2',
85 silly addNameRange     '0.9.3',
85 silly addNameRange     '0.10.0',
85 silly addNameRange     '0.10.1',
85 silly addNameRange     '0.10.2',
85 silly addNameRange     '0.10.3',
85 silly addNameRange     '0.10.4',
85 silly addNameRange     '0.10.5',
85 silly addNameRange     '0.10.6',
85 silly addNameRange     '0.10.7',
85 silly addNameRange     '0.11.0',
85 silly addNameRange     '0.11.1',
85 silly addNameRange     '0.12.0',
85 silly addNameRange     '0.12.1',
85 silly addNameRange     '0.12.2',
85 silly addNameRange     '0.12.3',
85 silly addNameRange     '0.12.4',
85 silly addNameRange     '0.13.0',
85 silly addNameRange     '0.14.0',
85 silly addNameRange     '0.14.1',
85 silly addNameRange     '0.14.2',
85 silly addNameRange     '0.15.0',
85 silly addNameRange     '0.15.1',
85 silly addNameRange     '0.15.2',
85 silly addNameRange     '0.15.3',
85 silly addNameRange     '0.15.4',
85 silly addNameRange     '0.16.0',
85 silly addNameRange     '0.16.1',
85 silly addNameRange     '0.16.2',
85 silly addNameRange     '0.16.3',
85 silly addNameRange     '0.16.4',
85 silly addNameRange     '0.17.0',
85 silly addNameRange     '0.18.0',
85 silly addNameRange     '0.19.0',
85 silly addNameRange     '0.20.0',
85 silly addNameRange     '0.20.1',
85 silly addNameRange     '0.20.2',
85 silly addNameRange     '0.20.3',
85 silly addNameRange     '0.21.0',
85 silly addNameRange     '0.22.0',
85 silly addNameRange     '0.22.1',
85 silly addNameRange     '0.23.0',
85 silly addNameRange     '0.24.0',
85 silly addNameRange     '0.25.0',
85 silly addNameRange     '0.26.0',
85 silly addNameRange     '0.26.1',
85 silly addNameRange     '0.26.2',
85 silly addNameRange     '0.26.3',
85 silly addNameRange     '0.27.0',
85 silly addNameRange     '0.27.1',
85 silly addNameRange     '0.27.2',
85 silly addNameRange     '0.27.3',
85 silly addNameRange     '0.27.4',
85 silly addNameRange     '0.27.5',
85 silly addNameRange     '0.27.6',
85 silly addNameRange     '0.27.7',
85 silly addNameRange     '0.28.0',
85 silly addNameRange     '0.28.1',
85 silly addNameRange     '0.28.2',
85 silly addNameRange     '0.29.0',
85 silly addNameRange     '0.30.0',
85 silly addNameRange     '0.31.0',
85 silly addNameRange     '0.31.1',
85 silly addNameRange     '0.31.2',
85 silly addNameRange     '0.32.0',
85 silly addNameRange     '0.33.0',
85 silly addNameRange     '0.34.0',
85 silly addNameRange     '0.34.1',
85 silly addNameRange     '0.35.0',
85 silly addNameRange     '1.0.0',
85 silly addNameRange     '1.0.1',
85 silly addNameRange     '1.0.2',
85 silly addNameRange     '1.1.0',
85 silly addNameRange     '1.1.1',
85 silly addNameRange     '1.1.2',
85 silly addNameRange     '1.1.3',
85 silly addNameRange     '1.1.4',
85 silly addNameRange     '1.1.5',
85 silly addNameRange     '1.2.0',
85 silly addNameRange     '1.3.0',
85 silly addNameRange     '1.3.1',
85 silly addNameRange     '1.4.0',
85 silly addNameRange     '1.4.1',
85 silly addNameRange     '1.4.2',
85 silly addNameRange     '1.5.0',
85 silly addNameRange     '1.6.0',
85 silly addNameRange     '1.7.0',
85 silly addNameRange     '1.8.0',
85 silly addNameRange     '1.8.1',
85 silly addNameRange     '1.8.2',
85 silly addNameRange     '1.9.0',
85 silly addNameRange     '1.9.1',
85 silly addNameRange     '1.9.2' ] ]
86 verbose addNamed [ 'jade', '1.9.2' ]
87 verbose addNamed [ '1.9.2', '1.9.2' ]
88 silly lockFile 20e0e06b-jade-1-9-2 jade@1.9.2
89 verbose lock jade@1.9.2 /home/mzr/.npm/20e0e06b-jade-1-9-2.lock
90 silly lockFile 481cf773-ry-npmjs-org-jade-jade-1-9-2-tgz https://registry.npmjs.org/jade/-/jade-1.9.2.tgz
91 verbose lock https://registry.npmjs.org/jade/-/jade-1.9.2.tgz /home/mzr/.npm/481cf773-ry-npmjs-org-jade-jade-1-9-2-tgz.lock
92 verbose addRemoteTarball [ 'https://registry.npmjs.org/jade/-/jade-1.9.2.tgz',
92 verbose addRemoteTarball   '0b89f9c60d4ead2738e826ba7b2ccac9a5702abe' ]
93 info retry fetch attempt 1 at 20:40:24
94 verbose fetch to= /tmp/npm-2804-YYRCzgHM/registry.npmjs.org/jade/-/jade-1.9.2.tgz
95 http GET https://registry.npmjs.org/jade/-/jade-1.9.2.tgz
96 http 200 https://registry.npmjs.org/jade/-/jade-1.9.2.tgz
97 silly lockFile f4199ccc-pmjs-org-moment-moment-2-9-0-tgz https://registry.npmjs.org/moment/-/moment-2.9.0.tgz
98 silly lockFile f4199ccc-pmjs-org-moment-moment-2-9-0-tgz https://registry.npmjs.org/moment/-/moment-2.9.0.tgz
99 silly lockFile f9216bc0-moment-2-9-0 moment@2.9.0
100 silly lockFile f9216bc0-moment-2-9-0 moment@2.9.0
101 silly lockFile 42aa250a-moment moment@
102 silly lockFile 42aa250a-moment moment@
103 silly lockFile 481cf773-ry-npmjs-org-jade-jade-1-9-2-tgz https://registry.npmjs.org/jade/-/jade-1.9.2.tgz
104 silly lockFile 481cf773-ry-npmjs-org-jade-jade-1-9-2-tgz https://registry.npmjs.org/jade/-/jade-1.9.2.tgz
105 silly lockFile 20e0e06b-jade-1-9-2 jade@1.9.2
106 silly lockFile 20e0e06b-jade-1-9-2 jade@1.9.2
107 silly lockFile 51d481b2-jade jade@
108 silly lockFile 51d481b2-jade jade@
109 http 200 https://registry.npmjs.org/mongoose
110 silly registry.get cb [ 200,
110 silly registry.get   { date: 'Thu, 19 Mar 2015 12:37:35 GMT',
110 silly registry.get     server: 'CouchDB/1.5.0 (Erlang OTP/R16B03)',
110 silly registry.get     etag: '"2SXVWA3LM2JNEZ7I2QHBSES4M"',
110 silly registry.get     'content-type': 'application/json',
110 silly registry.get     'cache-control': 'max-age=60',
110 silly registry.get     'content-length': '303284',
110 silly registry.get     'accept-ranges': 'bytes',
110 silly registry.get     via: '1.1 varnish',
110 silly registry.get     age: '0',
110 silly registry.get     'x-served-by': 'cache-hkg6821-HKG',
110 silly registry.get     'x-cache': 'HIT',
110 silly registry.get     'x-cache-hits': '1',
110 silly registry.get     'x-timer': 'S1426768654.233075,VS0,VE1053',
110 silly registry.get     vary: 'Accept',
110 silly registry.get     'keep-alive': 'timeout=10, max=50',
110 silly registry.get     connection: 'Keep-Alive' } ]
111 silly addNameRange number 2 { name: 'mongoose', range: '*', hasData: true }
112 silly addNameRange versions [ 'mongoose',
112 silly addNameRange   [ '0.0.1',
112 silly addNameRange     '0.0.2',
112 silly addNameRange     '0.0.3',
112 silly addNameRange     '0.0.4',
112 silly addNameRange     '0.0.5',
112 silly addNameRange     '1.0.0',
112 silly addNameRange     '1.0.1',
112 silly addNameRange     '1.0.2',
112 silly addNameRange     '0.0.6',
112 silly addNameRange     '1.0.3',
112 silly addNameRange     '1.0.4',
112 silly addNameRange     '1.0.5',
112 silly addNameRange     '1.0.6',
112 silly addNameRange     '1.0.7',
112 silly addNameRange     '1.0.8',
112 silly addNameRange     '1.0.10',
112 silly addNameRange     '1.0.11',
112 silly addNameRange     '1.0.12',
112 silly addNameRange     '1.0.13',
112 silly addNameRange     '1.0.14',
112 silly addNameRange     '1.0.15',
112 silly addNameRange     '1.0.16',
112 silly addNameRange     '1.1.0',
112 silly addNameRange     '1.1.1',
112 silly addNameRange     '1.1.2',
112 silly addNameRange     '1.1.3',
112 silly addNameRange     '1.1.4',
112 silly addNameRange     '1.1.5',
112 silly addNameRange     '1.1.6',
112 silly addNameRange     '1.1.7',
112 silly addNameRange     '1.1.8',
112 silly addNameRange     '1.1.9',
112 silly addNameRange     '1.1.10',
112 silly addNameRange     '1.1.11',
112 silly addNameRange     '1.1.12',
112 silly addNameRange     '1.1.13',
112 silly addNameRange     '1.1.14',
112 silly addNameRange     '1.1.15',
112 silly addNameRange     '1.1.16',
112 silly addNameRange     '1.1.17',
112 silly addNameRange     '1.1.18',
112 silly addNameRange     '1.1.19',
112 silly addNameRange     '1.1.20',
112 silly addNameRange     '1.1.21',
112 silly addNameRange     '1.1.22',
112 silly addNameRange     '1.1.23',
112 silly addNameRange     '1.1.24',
112 silly addNameRange     '1.1.25',
112 silly addNameRange     '1.2.0',
112 silly addNameRange     '1.3.0',
112 silly addNameRange     '1.3.1',
112 silly addNameRange     '1.3.2',
112 silly addNameRange     '1.3.3',
112 silly addNameRange     '1.3.4',
112 silly addNameRange     '1.3.5',
112 silly addNameRange     '1.3.6',
112 silly addNameRange     '1.3.7',
112 silly addNameRange     '1.4.0',
112 silly addNameRange     '1.5.0',
112 silly addNameRange     '1.6.0',
112 silly addNameRange     '1.7.2',
112 silly addNameRange     '1.7.3',
112 silly addNameRange     '1.7.4',
112 silly addNameRange     '1.8.0',
112 silly addNameRange     '1.8.1',
112 silly addNameRange     '1.8.2',
112 silly addNameRange     '1.8.3',
112 silly addNameRange     '1.8.4',
112 silly addNameRange     '2.0.0',
112 silly addNameRange     '2.0.1',
112 silly addNameRange     '2.0.2',
112 silly addNameRange     '2.0.3',
112 silly addNameRange     '2.0.4',
112 silly addNameRange     '2.1.0',
112 silly addNameRange     '2.1.1',
112 silly addNameRange     '2.1.2',
112 silly addNameRange     '2.1.3',
112 silly addNameRange     '2.1.4',
112 silly addNameRange     '2.2.0',
112 silly addNameRange     '2.2.1',
112 silly addNameRange     '2.2.2',
112 silly addNameRange     '2.2.3',
112 silly addNameRange     '2.2.4',
112 silly addNameRange     '2.3.0',
112 silly addNameRange     '2.3.1',
112 silly addNameRange     '2.3.2',
112 silly addNameRange     '2.3.3',
112 silly addNameRange     '2.3.4',
112 silly addNameRange     '2.3.5',
112 silly addNameRange     '2.3.6',
112 silly addNameRange     '2.3.7',
112 silly addNameRange     '2.3.8',
112 silly addNameRange     '2.3.9',
112 silly addNameRange     '2.3.10',
112 silly addNameRange     '2.3.11',
112 silly addNameRange     '2.3.12',
112 silly addNameRange     '2.3.13',
112 silly addNameRange     '2.4.0',
112 silly addNameRange     '2.4.1',
112 silly addNameRange     '2.4.2',
112 silly addNameRange     '2.4.3',
112 silly addNameRange     '2.4.4',
112 silly addNameRange     '2.4.5',
112 silly addNameRange     '2.4.6',
112 silly addNameRange     '2.4.7',
112 silly addNameRange     '2.4.8',
112 silly addNameRange     '2.4.9',
112 silly addNameRange     '2.4.10',
112 silly addNameRange     '2.5.0',
112 silly addNameRange     '2.5.1',
112 silly addNameRange     '2.5.2',
112 silly addNameRange     '2.5.3',
112 silly addNameRange     '2.5.4',
112 silly addNameRange     '2.5.5',
112 silly addNameRange     '2.5.6',
112 silly addNameRange     '2.5.7',
112 silly addNameRange     '2.5.8',
112 silly addNameRange     '2.5.9',
112 silly addNameRange     '2.5.10',
112 silly addNameRange     '2.5.11',
112 silly addNameRange     '2.5.12',
112 silly addNameRange     '2.5.13',
112 silly addNameRange     '2.5.14',
112 silly addNameRange     '2.6.0',
112 silly addNameRange     '2.6.1',
112 silly addNameRange     '2.6.2',
112 silly addNameRange     '2.6.3',
112 silly addNameRange     '2.6.4',
112 silly addNameRange     '2.6.5',
112 silly addNameRange     '2.6.6',
112 silly addNameRange     '2.6.7',
112 silly addNameRange     '2.6.8',
112 silly addNameRange     '2.7.0',
112 silly addNameRange     '2.7.1',
112 silly addNameRange     '2.7.2',
112 silly addNameRange     '2.7.4',
112 silly addNameRange     '2.7.3',
112 silly addNameRange     '3.0.0',
112 silly addNameRange     '3.0.1',
112 silly addNameRange     '3.0.2',
112 silly addNameRange     '2.8.0',
112 silly addNameRange     '3.0.3',
112 silly addNameRange     '3.1.0',
112 silly addNameRange     '2.8.1',
112 silly addNameRange     '3.1.1',
112 silly addNameRange     '2.8.2',
112 silly addNameRange     '2.8.3',
112 silly addNameRange     '2.9.0',
112 silly addNameRange     '3.2.0',
112 silly addNameRange     '2.9.1',
112 silly addNameRange     '3.2.1',
112 silly addNameRange     '2.9.2',
112 silly addNameRange     '3.2.2',
112 silly addNameRange     '3.3.0',
112 silly addNameRange     '3.3.1',
112 silly addNameRange     '2.9.3',
112 silly addNameRange     '3.4.0',
112 silly addNameRange     '2.9.4',
112 silly addNameRange     '2.9.5',
112 silly addNameRange     '3.5.0',
112 silly addNameRange     '3.5.1',
112 silly addNameRange     '3.5.2',
112 silly addNameRange     '3.5.3',
112 silly addNameRange     '2.9.6',
112 silly addNameRange     '2.9.7',
112 silly addNameRange     '3.5.4',
112 silly addNameRange     '3.5.5',
112 silly addNameRange     '2.9.8',
112 silly addNameRange     '2.9.9',
112 silly addNameRange     '3.5.6',
112 silly addNameRange     '3.5.7',
112 silly addNameRange     '3.5.8',
112 silly addNameRange     '2.9.10',
112 silly addNameRange     '3.5.9',
112 silly addNameRange     '3.6.2',
112 silly addNameRange     '3.5.10',
112 silly addNameRange     '3.6.3',
112 silly addNameRange     '3.5.11',
112 silly addNameRange     '3.6.4',
112 silly addNameRange     '3.6.5',
112 silly addNameRange     '3.6.6',
112 silly addNameRange     '3.6.7',
112 silly addNameRange     '3.5.12',
112 silly addNameRange     '3.6.8',
112 silly addNameRange     '3.6.9',
112 silly addNameRange     '3.6.10',
112 silly addNameRange     '3.5.13',
112 silly addNameRange     '3.5.14',
112 silly addNameRange     '3.6.11',
112 silly addNameRange     '3.6.12',
112 silly addNameRange     '3.6.13',
112 silly addNameRange     '3.6.14',
112 silly addNameRange     '3.6.15',
112 silly addNameRange     '3.5.15',
112 silly addNameRange     '3.7.0',
112 silly addNameRange     '3.6.16',
112 silly addNameRange     '3.5.16',
112 silly addNameRange     '3.6.17',
112 silly addNameRange     '3.7.2',
112 silly addNameRange     '3.0.0-alpha1',
112 silly addNameRange     '3.0.0-alpha2',
112 silly addNameRange     '3.0.0-rc0',
112 silly addNameRange     '3.6.0-rc0',
112 silly addNameRange     '3.6.0-rc1',
112 silly addNameRange     '3.6.18',
112 silly addNameRange     '3.7.3',
112 silly addNameRange     '3.6.19',
112 silly addNameRange     '3.6.20',
112 silly addNameRange     '3.7.4',
112 silly addNameRange     '3.8.0',
112 silly addNameRange     '3.8.1',
112 silly addNameRange     '3.8.2',
112 silly addNameRange     '3.8.3',
112 silly addNameRange     '3.8.4',
112 silly addNameRange     '3.8.5',
112 silly addNameRange     '3.8.6',
112 silly addNameRange     '3.8.7',
112 silly addNameRange     '3.8.8',
112 silly addNameRange     '3.8.9',
112 silly addNameRange     '3.8.10',
112 silly addNameRange     '3.8.11',
112 silly addNameRange     '3.9.0',
112 silly addNameRange     '3.8.12',
112 silly addNameRange     '3.8.13',
112 silly addNameRange     '3.8.14',
112 silly addNameRange     '3.8.15',
112 silly addNameRange     '3.9.1',
112 silly addNameRange     '3.8.16',
112 silly addNameRange     '3.9.2',
112 silly addNameRange     '3.8.17',
112 silly addNameRange     '3.9.3',
112 silly addNameRange     '3.8.18',
112 silly addNameRange     '3.9.4',
112 silly addNameRange     '3.8.19',
112 silly addNameRange     '3.9.5',
112 silly addNameRange     '3.8.20',
112 silly addNameRange     '3.9.6',
112 silly addNameRange     '3.8.21',
112 silly addNameRange     '3.9.7',
112 silly addNameRange     '3.8.22',
112 silly addNameRange     '4.0.0-rc0',
112 silly addNameRange     '4.0.0-rc1',
112 silly addNameRange     '3.8.23',
112 silly addNameRange     '4.0.0-rc2',
112 silly addNameRange     '3.8.24',
112 silly addNameRange     '4.0.0-rc3',
112 silly addNameRange     '3.8.25',
112 silly addNameRange     '4.0.0-rc4' ] ]
113 verbose addNamed [ 'mongoose', '3.8.25' ]
114 verbose addNamed [ '3.8.25', '3.8.25' ]
115 silly lockFile 4fa33961-mongoose-3-8-25 mongoose@3.8.25
116 verbose lock mongoose@3.8.25 /home/mzr/.npm/4fa33961-mongoose-3-8-25.lock
117 silly lockFile 1b993610-org-mongoose-mongoose-3-8-25-tgz https://registry.npmjs.org/mongoose/-/mongoose-3.8.25.tgz
118 verbose lock https://registry.npmjs.org/mongoose/-/mongoose-3.8.25.tgz /home/mzr/.npm/1b993610-org-mongoose-mongoose-3-8-25-tgz.lock
119 verbose addRemoteTarball [ 'https://registry.npmjs.org/mongoose/-/mongoose-3.8.25.tgz',
119 verbose addRemoteTarball   'f440c47bd628c2c398464f83e526148eeb829089' ]
120 info retry fetch attempt 1 at 20:40:29
121 verbose fetch to= /tmp/npm-2804-YYRCzgHM/registry.npmjs.org/mongoose/-/mongoose-3.8.25.tgz
122 http GET https://registry.npmjs.org/mongoose/-/mongoose-3.8.25.tgz
123 http 200 https://registry.npmjs.org/mongoose/-/mongoose-3.8.25.tgz
124 silly lockFile 1b993610-org-mongoose-mongoose-3-8-25-tgz https://registry.npmjs.org/mongoose/-/mongoose-3.8.25.tgz
125 silly lockFile 1b993610-org-mongoose-mongoose-3-8-25-tgz https://registry.npmjs.org/mongoose/-/mongoose-3.8.25.tgz
126 silly lockFile 4fa33961-mongoose-3-8-25 mongoose@3.8.25
127 silly lockFile 4fa33961-mongoose-3-8-25 mongoose@3.8.25
128 silly lockFile 3bb0fc31-mongoose mongoose@
129 silly lockFile 3bb0fc31-mongoose mongoose@
130 error Error: EACCES, mkdir '/home/mzr/.npm/jade/1.9.2'
130 error  { [Error: EACCES, mkdir '/home/mzr/.npm/jade/1.9.2'] errno: 3, code: 'EACCES', path: '/home/mzr/.npm/jade/1.9.2' }
131 error Please try running this command again as root/Administrator.
132 error System Linux 3.13.0-44-generic
133 error command "/usr/bin/node" "/usr/bin/npm" "install" "jade" "moment" "mongoose"
134 error cwd /www/miaozhirui/linux-local-test/immoc
135 error node -v v0.10.25
136 error npm -v 1.4.28
137 error path /home/mzr/.npm/jade/1.9.2
138 error code EACCES
139 error errno 3
140 error stack Error: EACCES, mkdir '/home/mzr/.npm/jade/1.9.2'
141 verbose exit [ 3, true ]
