0 info it worked if it ends with ok
1 verbose cli [ '/usr/bin/node', '/usr/bin/npm', 'install', 'fis', '-g' ]
2 info using npm@1.4.28
3 info using node@v0.10.25
4 verbose node symlink /usr/bin/node
5 verbose cache add [ 'fis', null ]
6 verbose cache add name=undefined spec="fis" args=["fis",null]
7 verbose parsed url { protocol: null,
7 verbose parsed url   slashes: null,
7 verbose parsed url   auth: null,
7 verbose parsed url   host: null,
7 verbose parsed url   port: null,
7 verbose parsed url   hostname: null,
7 verbose parsed url   hash: null,
7 verbose parsed url   search: null,
7 verbose parsed url   query: null,
7 verbose parsed url   pathname: 'fis',
7 verbose parsed url   path: 'fis',
7 verbose parsed url   href: 'fis' }
8 silly lockFile f1e695f6-fis fis
9 verbose lock fis /home/mzr/.npm/f1e695f6-fis.lock
10 silly lockFile f1e695f6-fis fis
11 silly lockFile f1e695f6-fis fis
12 verbose addNamed [ 'fis', '' ]
13 verbose addNamed [ null, '*' ]
14 silly lockFile 44f444ad-fis fis@
15 verbose lock fis@ /home/mzr/.npm/44f444ad-fis.lock
16 silly addNameRange { name: 'fis', range: '*', hasData: false }
17 verbose request where is /fis
18 verbose request registry https://registry.npmjs.org/
19 verbose request id 6c6a1c1058d2ff9b
20 verbose url raw /fis
21 verbose url resolving [ 'https://registry.npmjs.org/', './fis' ]
22 verbose url resolved https://registry.npmjs.org/fis
23 verbose request where is https://registry.npmjs.org/fis
24 info trying registry request attempt 1 at 18:21:43
25 verbose etag "13Z8EQ02ZYWGBGHDWRHQ62HJT"
26 http GET https://registry.npmjs.org/fis
27 http 304 https://registry.npmjs.org/fis
28 silly registry.get cb [ 304,
28 silly registry.get   { date: 'Thu, 05 Feb 2015 10:18:15 GMT',
28 silly registry.get     server: 'Apache',
28 silly registry.get     via: '1.1 varnish',
28 silly registry.get     'last-modified': 'Thu, 05 Feb 2015 10:18:15 GMT',
28 silly registry.get     'cache-control': 'max-age=60',
28 silly registry.get     etag: '"13Z8EQ02ZYWGBGHDWRHQ62HJT"',
28 silly registry.get     age: '0',
28 silly registry.get     'x-served-by': 'cache-ty66-TYO',
28 silly registry.get     'x-cache': 'HIT',
28 silly registry.get     'x-cache-hits': '1',
28 silly registry.get     'x-timer': 'S1423131495.459964,VS0,VE116',
28 silly registry.get     vary: 'Accept',
28 silly registry.get     'content-length': '0',
28 silly registry.get     'keep-alive': 'timeout=10, max=50',
28 silly registry.get     connection: 'Keep-Alive' } ]
29 verbose etag https://registry.npmjs.org/fis from cache
30 silly addNameRange number 2 { name: 'fis', range: '*', hasData: true }
31 silly addNameRange versions [ 'fis',
31 silly addNameRange   [ '1.3.6',
31 silly addNameRange     '1.4.17',
31 silly addNameRange     '1.4.19',
31 silly addNameRange     '1.5.1',
31 silly addNameRange     '1.5.3',
31 silly addNameRange     '1.5.6',
31 silly addNameRange     '1.6.0',
31 silly addNameRange     '1.6.1',
31 silly addNameRange     '1.6.2',
31 silly addNameRange     '1.6.3',
31 silly addNameRange     '1.6.4',
31 silly addNameRange     '1.6.5',
31 silly addNameRange     '1.6.6',
31 silly addNameRange     '1.6.7',
31 silly addNameRange     '1.6.8',
31 silly addNameRange     '1.7.1',
31 silly addNameRange     '1.7.2',
31 silly addNameRange     '1.7.3',
31 silly addNameRange     '1.7.4',
31 silly addNameRange     '1.7.7',
31 silly addNameRange     '1.7.8',
31 silly addNameRange     '1.7.9',
31 silly addNameRange     '1.7.10',
31 silly addNameRange     '1.7.11',
31 silly addNameRange     '1.7.12',
31 silly addNameRange     '1.7.14',
31 silly addNameRange     '1.7.15',
31 silly addNameRange     '1.7.16',
31 silly addNameRange     '1.7.17',
31 silly addNameRange     '1.7.18',
31 silly addNameRange     '1.7.19',
31 silly addNameRange     '1.7.20',
31 silly addNameRange     '1.7.21',
31 silly addNameRange     '1.7.22',
31 silly addNameRange     '1.8.0',
31 silly addNameRange     '1.8.1',
31 silly addNameRange     '1.8.2',
31 silly addNameRange     '1.8.3',
31 silly addNameRange     '1.8.4',
31 silly addNameRange     '1.8.5',
31 silly addNameRange     '1.8.6',
31 silly addNameRange     '1.9.0-beta1',
31 silly addNameRange     '1.8.9',
31 silly addNameRange     '1.8.10',
31 silly addNameRange     '1.8.12',
31 silly addNameRange     '1.8.13',
31 silly addNameRange     '1.9.1',
31 silly addNameRange     '1.9.2',
31 silly addNameRange     '1.9.3',
31 silly addNameRange     '1.9.4' ] ]
32 verbose addNamed [ 'fis', '1.9.4' ]
33 verbose addNamed [ '1.9.4', '1.9.4' ]
34 silly lockFile fd8c4700-fis-1-9-4 fis@1.9.4
35 verbose lock fis@1.9.4 /home/mzr/.npm/fd8c4700-fis-1-9-4.lock
36 silly lockFile fd8c4700-fis-1-9-4 fis@1.9.4
37 silly lockFile fd8c4700-fis-1-9-4 fis@1.9.4
38 silly lockFile 44f444ad-fis fis@
39 silly lockFile 44f444ad-fis fis@
40 silly resolved [ { name: 'fis',
40 silly resolved     description: 'front-end integrated solution.',
40 silly resolved     version: '1.9.4',
40 silly resolved     author: { name: 'FIS Team', email: 'fis@baidu.com' },
40 silly resolved     homepage: 'http://fis.baidu.com/',
40 silly resolved     keywords: [ 'fis' ],
40 silly resolved     license: 'MIT',
40 silly resolved     bin: { fis: 'bin/fis' },
40 silly resolved     engines: { node: '>= 0.8.0' },
40 silly resolved     main: 'fis.js',
40 silly resolved     scripts:
40 silly resolved      { uninstall: 'node -e \'var cp = require("child_process"); cp.exec("bin/fis server stop");\'',
40 silly resolved        test: 'mocha test/ut --recursive' },
40 silly resolved     repository: { type: 'git', url: 'https://github.com/fis-dev/fis.git' },
40 silly resolved     preferGlobal: true,
40 silly resolved     dependencies:
40 silly resolved      { colors: '0.6.2',
40 silly resolved        commander: '1.3.2',
40 silly resolved        'fis-command-install': '~0.1.11',
40 silly resolved        'fis-command-release': '0.11.4',
40 silly resolved        'fis-command-server': '0.7.1',
40 silly resolved        'fis-deploy-default': '0.0.2',
40 silly resolved        'fis-kernel': '2.0.12',
40 silly resolved        'fis-preprocessor-components': '^1.0.15',
40 silly resolved        'fis-optimizer-clean-css': '0.0.9',
40 silly resolved        'fis-optimizer-png-compressor': '0.0.6',
40 silly resolved        'fis-optimizer-uglify-js': '0.1.6',
40 silly resolved        'fis-packager-map': '0.0.9',
40 silly resolved        'fis-postprocessor-jswrapper': '0.0.9',
40 silly resolved        'fis-spriter-csssprites': '0.2.5',
40 silly resolved        'fis-prepackager-derived': '~0.0.2' },
40 silly resolved     gitHead: 'f17aab9db2a41f05904d1b266b4fadad55acbc57',
40 silly resolved     bugs: { url: 'https://github.com/fis-dev/fis/issues' },
40 silly resolved     _id: 'fis@1.9.4',
40 silly resolved     _shasum: '89789eea5a95d3fe46bd24a330856eee59d1fc4d',
40 silly resolved     _from: 'fis@',
40 silly resolved     _npmVersion: '1.4.28',
40 silly resolved     _npmUser: { name: 'fis-dev', email: 'fansekey@gmail.com' },
40 silly resolved     maintainers: [ [Object], [Object], [Object], [Object], [Object] ],
40 silly resolved     dist:
40 silly resolved      { shasum: '89789eea5a95d3fe46bd24a330856eee59d1fc4d',
40 silly resolved        tarball: 'http://registry.npmjs.org/fis/-/fis-1.9.4.tgz' },
40 silly resolved     directories: {},
40 silly resolved     _resolved: 'https://registry.npmjs.org/fis/-/fis-1.9.4.tgz',
40 silly resolved     readme: 'ERROR: No README data found!' } ]
41 info install fis@1.9.4 into /usr/lib
42 info installOne fis@1.9.4
43 verbose lib/node_modules/fis unbuild
44 verbose tar unpack /home/mzr/.npm/fis/1.9.4/package.tgz
45 silly lockFile bdd6e3f2-tar-usr-lib-node-modules-fis tar:///usr/lib/node_modules/fis
46 verbose lock tar:///usr/lib/node_modules/fis /home/mzr/.npm/bdd6e3f2-tar-usr-lib-node-modules-fis.lock
47 silly lockFile a9887ae2-me-mzr-npm-fis-1-9-4-package-tgz tar:///home/mzr/.npm/fis/1.9.4/package.tgz
48 verbose lock tar:///home/mzr/.npm/fis/1.9.4/package.tgz /home/mzr/.npm/a9887ae2-me-mzr-npm-fis-1-9-4-package-tgz.lock
49 silly gunzTarPerm modes [ '775', '664' ]
50 error Error: EACCES, mkdir '/usr/lib/node_modules/fis'
50 error  { [Error: EACCES, mkdir '/usr/lib/node_modules/fis']
50 error   errno: 3,
50 error   code: 'EACCES',
50 error   path: '/usr/lib/node_modules/fis',
50 error   fstream_type: 'Directory',
50 error   fstream_path: '/usr/lib/node_modules/fis',
50 error   fstream_class: 'DirWriter',
50 error   fstream_stack:
50 error    [ '/usr/lib/node_modules/npm/node_modules/fstream/lib/dir-writer.js:36:23',
50 error      '/usr/lib/node_modules/npm/node_modules/mkdirp/index.js:46:53',
50 error      'Object.oncomplete (fs.js:107:15)' ] }
51 error Please try running this command again as root/Administrator.
52 error System Linux 3.13.0-44-generic
53 error command "/usr/bin/node" "/usr/bin/npm" "install" "fis" "-g"
54 error cwd /www/linux-local-test/js/fis
55 error node -v v0.10.25
56 error npm -v 1.4.28
57 error path /usr/lib/node_modules/fis
58 error fstream_path /usr/lib/node_modules/fis
59 error fstream_type Directory
60 error fstream_class DirWriter
61 error code EACCES
62 error errno 3
63 error stack Error: EACCES, mkdir '/usr/lib/node_modules/fis'
64 error fstream_stack /usr/lib/node_modules/npm/node_modules/fstream/lib/dir-writer.js:36:23
64 error fstream_stack /usr/lib/node_modules/npm/node_modules/mkdirp/index.js:46:53
64 error fstream_stack Object.oncomplete (fs.js:107:15)
65 verbose exit [ 3, true ]
