0 info it worked if it ends with ok
1 verbose cli [ '/usr/local/bin/iojs',
1 verbose cli   '/usr/local/bin/npm',
1 verbose cli   'install',
1 verbose cli   'underscore#1.3.3' ]
2 info using npm@3.6.0
3 info using node@v5.7.0
4 silly loadCurrentTree Starting
5 silly install loadCurrentTree
6 silly install readLocalPackageData
7 silly fetchPackageMetaData underscore#1.3.3
8 silly fetchOtherPackageData underscore#1.3.3
9 silly cache add args [ 'underscore#1.3.3', null ]
10 verbose cache add spec underscore#1.3.3
11 silly cache add parsed spec Result {
11 silly cache add   raw: 'underscore#1.3.3',
11 silly cache add   scope: null,
11 silly cache add   name: null,
11 silly cache add   rawSpec: 'underscore#1.3.3',
11 silly cache add   spec: '/Users/mzr/miaozhirui/linux-local-test/node/underscore#1.3.3',
11 silly cache add   type: 'local' }
12 error addLocal Could not install /Users/mzr/miaozhirui/linux-local-test/node/underscore#1.3.3
13 silly fetchPackageMetaData Error: ENOENT: no such file or directory, open '/Users/mzr/miaozhirui/linux-local-test/node/underscore#1.3.3'
13 silly fetchPackageMetaData     at Error (native)
13 silly fetchPackageMetaData  error for underscore#1.3.3 { [Error: ENOENT: no such file or directory, open '/Users/mzr/miaozhirui/linux-local-test/node/underscore#1.3.3']
13 silly fetchPackageMetaData   errno: -2,
13 silly fetchPackageMetaData   code: 'ENOENT',
13 silly fetchPackageMetaData   syscall: 'open',
13 silly fetchPackageMetaData   path: '/Users/mzr/miaozhirui/linux-local-test/node/underscore#1.3.3' }
14 silly rollbackFailedOptional Starting
15 silly rollbackFailedOptional Finishing
16 silly runTopLevelLifecycles Starting
17 silly runTopLevelLifecycles Finishing
18 silly install printInstalled
19 verbose stack Error: ENOENT: no such file or directory, open '/Users/mzr/miaozhirui/linux-local-test/node/underscore#1.3.3'
19 verbose stack     at Error (native)
20 verbose cwd /Users/mzr/miaozhirui/linux-local-test/node
21 error Darwin 14.5.0
22 error argv "/usr/local/bin/iojs" "/usr/local/bin/npm" "install" "underscore#1.3.3"
23 error node v5.7.0
24 error npm  v3.6.0
25 error path /Users/mzr/miaozhirui/linux-local-test/node/underscore#1.3.3
26 error code ENOENT
27 error errno -2
28 error syscall open
29 error enoent ENOENT: no such file or directory, open '/Users/mzr/miaozhirui/linux-local-test/node/underscore#1.3.3'
30 error enoent ENOENT: no such file or directory, open '/Users/mzr/miaozhirui/linux-local-test/node/underscore#1.3.3'
30 error enoent This is most likely not a problem with npm itself
30 error enoent and is related to npm not being able to find a file.
31 verbose exit [ -2, true ]
